[2025-04-07T12:54:35.007+0000] {manager.py:483} INFO - Processing files using up to 2 processes at a time 
[2025-04-07T12:54:35.007+0000] {manager.py:484} INFO - Process each file at most once every 30 seconds
[2025-04-07T12:54:35.008+0000] {manager.py:485} INFO - Checking for new files in /opt/airflow/dags every 300 seconds
[2025-04-07T12:54:35.008+0000] {manager.py:821} INFO - Searching for files in /opt/airflow/dags
[2025-04-07T12:54:35.027+0000] {manager.py:824} INFO - There are 1 files in /opt/airflow/dags
[2025-04-07T12:54:35.111+0000] {manager.py:997} INFO - 
================================================================================
DAG File Processing Stats

File Path                          PID  Runtime      # DAGs    # Errors  Last Runtime    Last Run      Last # of DB Queries
-------------------------------  -----  ---------  --------  ----------  --------------  ----------  ----------------------
/opt/airflow/dags/simple_dag.py     37  0.02s             0           0                                                   0
================================================================================
[2025-04-07T12:55:05.377+0000] {manager.py:997} INFO - 
================================================================================
DAG File Processing Stats

File Path                        PID    Runtime      # DAGs    # Errors  Last Runtime    Last Run               Last # of DB Queries
-------------------------------  -----  ---------  --------  ----------  --------------  -------------------  ----------------------
/opt/airflow/dags/simple_dag.py                           1           0  0.45s           2025-04-07T12:54:35                      40
================================================================================
[2025-04-07T12:55:36.103+0000] {manager.py:997} INFO - 
================================================================================
DAG File Processing Stats

File Path                          PID  Runtime      # DAGs    # Errors  Last Runtime    Last Run               Last # of DB Queries
-------------------------------  -----  ---------  --------  ----------  --------------  -------------------  ----------------------
/opt/airflow/dags/simple_dag.py     39  0.00s             1           0  0.15s           2025-04-07T12:55:05                      10
================================================================================
[2025-04-07T12:56:06.505+0000] {manager.py:997} INFO - 
================================================================================
DAG File Processing Stats

File Path                          PID  Runtime      # DAGs    # Errors  Last Runtime    Last Run               Last # of DB Queries
-------------------------------  -----  ---------  --------  ----------  --------------  -------------------  ----------------------
/opt/airflow/dags/simple_dag.py     40  0.00s             1           0  0.14s           2025-04-07T12:55:36                      10
================================================================================
[2025-04-07T12:56:36.814+0000] {manager.py:997} INFO - 
================================================================================
DAG File Processing Stats

File Path                          PID  Runtime      # DAGs    # Errors  Last Runtime    Last Run               Last # of DB Queries
-------------------------------  -----  ---------  --------  ----------  --------------  -------------------  ----------------------
/opt/airflow/dags/simple_dag.py     41  0.00s             1           0  0.13s           2025-04-07T12:56:06                      10
================================================================================
[2025-04-07T12:57:07.183+0000] {manager.py:997} INFO - 
================================================================================
DAG File Processing Stats

File Path                          PID  Runtime      # DAGs    # Errors  Last Runtime    Last Run               Last # of DB Queries
-------------------------------  -----  ---------  --------  ----------  --------------  -------------------  ----------------------
/opt/airflow/dags/simple_dag.py     42  0.00s             1           0  0.11s           2025-04-07T12:56:36                      10
================================================================================
[2025-04-07T12:57:37.456+0000] {manager.py:997} INFO - 
================================================================================
DAG File Processing Stats

File Path                          PID  Runtime      # DAGs    # Errors  Last Runtime    Last Run               Last # of DB Queries
-------------------------------  -----  ---------  --------  ----------  --------------  -------------------  ----------------------
/opt/airflow/dags/simple_dag.py     43  0.00s             1           0  0.11s           2025-04-07T12:57:07                      10
================================================================================
[2025-04-07T12:58:07.839+0000] {manager.py:997} INFO - 
================================================================================
DAG File Processing Stats

File Path                          PID  Runtime      # DAGs    # Errors  Last Runtime    Last Run               Last # of DB Queries
-------------------------------  -----  ---------  --------  ----------  --------------  -------------------  ----------------------
/opt/airflow/dags/simple_dag.py     44  0.00s             1           0  0.10s           2025-04-07T12:57:37                      10
================================================================================
[2025-04-07T12:58:38.135+0000] {manager.py:997} INFO - 
================================================================================
DAG File Processing Stats

File Path                          PID  Runtime      # DAGs    # Errors  Last Runtime    Last Run               Last # of DB Queries
-------------------------------  -----  ---------  --------  ----------  --------------  -------------------  ----------------------
/opt/airflow/dags/simple_dag.py     45  0.00s             1           0  0.11s           2025-04-07T12:58:07                      10
================================================================================
[2025-04-07T13:01:01.482+0000] {manager.py:483} INFO - Processing files using up to 2 processes at a time 
[2025-04-07T13:01:01.483+0000] {manager.py:484} INFO - Process each file at most once every 30 seconds
[2025-04-07T13:01:01.484+0000] {manager.py:485} INFO - Checking for new files in /opt/airflow/dags every 300 seconds
[2025-04-07T13:01:01.484+0000] {manager.py:821} INFO - Searching for files in /opt/airflow/dags
[2025-04-07T13:01:01.502+0000] {manager.py:824} INFO - There are 1 files in /opt/airflow/dags
[2025-04-07T13:01:01.594+0000] {manager.py:997} INFO - 
================================================================================
DAG File Processing Stats

File Path                          PID  Runtime      # DAGs    # Errors  Last Runtime    Last Run      Last # of DB Queries
-------------------------------  -----  ---------  --------  ----------  --------------  ----------  ----------------------
/opt/airflow/dags/simple_dag.py     37  0.03s             0           0                                                   0
================================================================================
[2025-04-07T13:01:31.846+0000] {manager.py:997} INFO - 
================================================================================
DAG File Processing Stats

File Path                        PID    Runtime      # DAGs    # Errors  Last Runtime    Last Run               Last # of DB Queries
-------------------------------  -----  ---------  --------  ----------  --------------  -------------------  ----------------------
/opt/airflow/dags/simple_dag.py                           1           0  0.58s           2025-04-07T13:01:02                      43
================================================================================
[2025-04-07T13:02:02.699+0000] {manager.py:997} INFO - 
================================================================================
DAG File Processing Stats

File Path                          PID  Runtime      # DAGs    # Errors  Last Runtime    Last Run               Last # of DB Queries
-------------------------------  -----  ---------  --------  ----------  --------------  -------------------  ----------------------
/opt/airflow/dags/simple_dag.py     39  0.00s             1           0  0.11s           2025-04-07T13:01:32                      10
================================================================================
[2025-04-07T13:02:33.063+0000] {manager.py:997} INFO - 
================================================================================
DAG File Processing Stats

File Path                          PID  Runtime      # DAGs    # Errors  Last Runtime    Last Run               Last # of DB Queries
-------------------------------  -----  ---------  --------  ----------  --------------  -------------------  ----------------------
/opt/airflow/dags/simple_dag.py     40  0.00s             1           0  0.11s           2025-04-07T13:02:02                      10
================================================================================
[2025-04-07T13:03:03.467+0000] {manager.py:997} INFO - 
================================================================================
DAG File Processing Stats

File Path                          PID  Runtime      # DAGs    # Errors  Last Runtime    Last Run               Last # of DB Queries
-------------------------------  -----  ---------  --------  ----------  --------------  -------------------  ----------------------
/opt/airflow/dags/simple_dag.py     41  0.00s             1           0  0.13s           2025-04-07T13:02:33                      10
================================================================================
[2025-04-07T13:03:33.779+0000] {manager.py:997} INFO - 
================================================================================
DAG File Processing Stats

File Path                          PID  Runtime      # DAGs    # Errors  Last Runtime    Last Run               Last # of DB Queries
-------------------------------  -----  ---------  --------  ----------  --------------  -------------------  ----------------------
/opt/airflow/dags/simple_dag.py     42  0.00s             1           0  0.12s           2025-04-07T13:03:03                      10
================================================================================
[2025-04-07T13:03:51.159+0000] {manager.py:465} INFO - Exiting gracefully upon receiving signal 15
